<?xml version="1.0" encoding="UTF-8"?>
<testng-results skipped="0" failed="0" total="1" passed="1">
  <reporter-output>
  </reporter-output>
  <suite name="BDD Test Suite" duration-ms="55850" started-at="2018-03-16T07:46:07Z" finished-at="2018-03-16T07:47:03Z">
    <groups>
      <group name="cucumber">
        <method signature="TestRunner.feature(cucumber.api.testng.CucumberFeatureWrapper)[pri:0, instance:TestRunner@2b9627bc]" name="feature" class="TestRunner"/>
      </group> <!-- cucumber -->
    </groups>
    <test name="Login and Update Profile Test" duration-ms="55850" started-at="2018-03-16T07:46:07Z" finished-at="2018-03-16T07:47:03Z">
      <class name="TestRunner">
        <test-method status="PASS" signature="setUpClass()[pri:0, instance:TestRunner@2b9627bc]" name="setUpClass" is-config="true" duration-ms="571" started-at="2018-03-16T13:16:07Z" finished-at="2018-03-16T13:16:08Z">
          <reporter-output>
          </reporter-output>
        </test-method> <!-- setUpClass -->
        <test-method status="PASS" signature="feature(cucumber.api.testng.CucumberFeatureWrapper)[pri:0, instance:TestRunner@2b9627bc]" name="feature" duration-ms="55018" started-at="2018-03-16T13:16:08Z" description="Runs Cucumber Feature" data-provider="features" finished-at="2018-03-16T13:17:03Z">
          <params>
            <param index="0">
              <value>
                <![CDATA[Product Page Feature Files]]>
              </value>
            </param>
          </params>
          <reporter-output>
          </reporter-output>
        </test-method> <!-- feature -->
        <test-method status="PASS" signature="tearDownClass()[pri:0, instance:TestRunner@2b9627bc]" name="tearDownClass" is-config="true" duration-ms="51" started-at="2018-03-16T13:17:03Z" finished-at="2018-03-16T13:17:03Z">
          <reporter-output>
          </reporter-output>
        </test-method> <!-- tearDownClass -->
      </class> <!-- TestRunner -->
    </test> <!-- Login and Update Profile Test -->
  </suite> <!-- BDD Test Suite -->
</testng-results>
