<?xml version="1.0" encoding="UTF-8"?>
<testng-results skipped="0" failed="0" total="0" passed="0">
  <reporter-output>
  </reporter-output>
  <suite name="Converted JUnit suite" duration-ms="31351" started-at="2018-04-22T07:46:59Z" finished-at="2018-04-22T07:47:31Z">
    <groups>
    </groups>
    <test name="JUnitTests" duration-ms="31351" started-at="2018-04-22T07:46:59Z" finished-at="2018-04-22T07:47:31Z">
    </test> <!-- JUnitTests -->
  </suite> <!-- Converted JUnit suite -->
</testng-results>
